<?xml version="1.0" encoding="UTF-8"?>
<!-- Generated by org.testng.reporters.JUnitXMLReporter -->
<testsuite ignored="1" hostname="LAPTOP-9JB0BLCJ" failures="0" tests="3" name="ChromeTest(failed)(failed)" time="28.031" errors="0" timestamp="2025-06-19T21:30:04 CDT">
  <testcase classname="avantage.entertainment.testcases.HomePageTestCases" name="verifyHeaderElementsInHomePage" time="4.282"/>
  <testcase classname="avantage.entertainment.testcases.HomePageTestCases" name="loginWithEmailValidInvalidUsers" time="9.008"/>
  <testcase classname="avantage.entertainment.testcases.HomePageTestCases" name="loginWithEmailValidInvalidUsers" time="4.662"/>
  <testcase classname="avantage.entertainment.testcases.HomePageTestCases" name="loginWithEmailValidUsers" time="0.0">
    <ignored/>
  </testcase> <!-- loginWithEmailValidUsers -->
</testsuite> <!-- ChromeTest(failed)(failed) -->
