<?xml version="1.0" encoding="UTF-8"?>
<!-- Generated by org.testng.reporters.JUnitXMLReporter -->
<testsuite ignored="1" hostname="LAPTOP-9JB0BLCJ" failures="0" tests="3" name="ChromeTest" time="48.901" errors="0" timestamp="2025-07-04T08:32:20 CDT">
  <testcase classname="avantage.entertainment.testcases.HomePageTestCases" name="verifyHeaderElementsInHomePage" time="7.295"/>
  <testcase classname="avantage.entertainment.testcases.LoginTestCases" name="loginWithEmailValidInvalidUsers" time="16.035"/>
  <testcase classname="avantage.entertainment.testcases.LoginTestCases" name="loginWithEmailValidInvalidUsers" time="16.228"/>
  <testcase classname="avantage.entertainment.testcases.LoginTestCases" name="loginWithEmailValidUsers" time="0.0">
    <ignored/>
  </testcase> <!-- loginWithEmailValidUsers -->
</testsuite> <!-- ChromeTest -->
