<?xml version="1.0" encoding="UTF-8"?>
<!-- Generated by org.testng.reporters.JUnitXMLReporter -->
<testsuite ignored="1" hostname="LAPTOP-9JB0BLCJ" failures="0" tests="2" name="EdgeTest" time="19.907" errors="0" timestamp="2025-07-09T16:19:34 CDT">
  <testcase classname="avantage.entertainment.testcases.HomePageTestCases" name="verifyHeaderElementsInHomePage" time="3.906"/>
  <testcase classname="avantage.entertainment.testcases.LoginTestCases" name="loginWithEmailValidUsers" time="10.523"/>
  <testcase classname="avantage.entertainment.testcases.LoginTestCases" name="loginWithEmailValidInvalidUsers" time="0.0">
    <ignored/>
  </testcase> <!-- loginWithEmailValidInvalidUsers -->
</testsuite> <!-- EdgeTest -->
