<?xml version="1.0" encoding="UTF-8"?>
<!-- Generated by org.testng.reporters.JUnitXMLReporter -->
<testsuite ignored="1" hostname="LAPTOP-9JB0BLCJ" failures="1" tests="2" name="EdgeTest" time="22.301" errors="0" timestamp="2025-07-09T22:41:41 CDT">
  <testcase classname="avantage.entertainment.testcases.HomePageTestCases" name="verifyHeaderElementsInHomePage" time="6.668"/>
  <testcase classname="avantage.entertainment.testcases.LoginTestCases" name="loginWithEmailValidUsers" time="10.848">
    <failure type="java.lang.AssertionError" message="element click intercepted: Element &amp;lt;p class=&amp;quot;account-jss558 account-jss604 account-jss560&amp;quot;&amp;gt;...&amp;lt;/p&amp;gt; is not clickable at point (555, 397). Other element would receive the click: &amp;lt;div class=&amp;quot;account-jss1 account-jss608&amp;quot;&amp;gt;...&amp;lt;/div&amp;gt;
  (Session info: MicrosoftEdge=138.0.3351.77)
Build info: version: &amp;apos;4.34.0&amp;apos;, revision: &amp;apos;707dcb4246*&amp;apos;
System info: os.name: &amp;apos;Windows 11&amp;apos;, os.arch: &amp;apos;amd64&amp;apos;, os.version: &amp;apos;10.0&amp;apos;, java.version: &amp;apos;21.0.7&amp;apos;
Driver info: org.openqa.selenium.edge.EdgeDriver
Command: [cad28f18489949748b5d656ddff486d2, clickElement {id=f.74C2D9C3A07BFEDD593107C6FE57B95D.d.E5870EB29A75E968436D542DB526146F.e.80}]
Capabilities {acceptInsecureCerts: false, browserName: MicrosoftEdge, browserVersion: 138.0.3351.77, fedcm:accounts: true, ms:edgeOptions: {debuggerAddress: localhost:9222}, msedge: {msedgedriverVersion: 138.0.3351.77 (efaf6935b436..., userDataDir: C:\Users\rakes\AppData\Loca...}, networkConnectionEnabled: false, pageLoadStrategy: normal, platformName: windows, proxy: Proxy(), se:cdp: ws://localhost:9222/devtool..., se:cdpVersion: 138.0.3351.77, setWindowRect: true, strictFileInteractability: false, timeouts: {implicit: 0, pageLoad: 300000, script: 30000}, unhandledPromptBehavior: dismiss and notify, webauthn:extension:credBlob: true, webauthn:extension:largeBlob: true, webauthn:extension:minPinLength: true, webauthn:extension:prf: true, webauthn:virtualAuthenticators: true}
Element: [[EdgeDriver: MicrosoftEdge on windows (cad28f18489949748b5d656ddff486d2)] -&amp;gt; xpath: //p[text()=&amp;apos;Log Out&amp;apos;]]
Session ID: cad28f18489949748b5d656ddff486d2">
      <![CDATA[java.lang.AssertionError: element click intercepted: Element <p class="account-jss558 account-jss604 account-jss560">...</p> is not clickable at point (555, 397). Other element would receive the click: <div class="account-jss1 account-jss608">...</div>
  (Session info: MicrosoftEdge=138.0.3351.77)
Build info: version: '4.34.0', revision: '707dcb4246*'
System info: os.name: 'Windows 11', os.arch: 'amd64', os.version: '10.0', java.version: '21.0.7'
Driver info: org.openqa.selenium.edge.EdgeDriver
Command: [cad28f18489949748b5d656ddff486d2, clickElement {id=f.74C2D9C3A07BFEDD593107C6FE57B95D.d.E5870EB29A75E968436D542DB526146F.e.80}]
Capabilities {acceptInsecureCerts: false, browserName: MicrosoftEdge, browserVersion: 138.0.3351.77, fedcm:accounts: true, ms:edgeOptions: {debuggerAddress: localhost:9222}, msedge: {msedgedriverVersion: 138.0.3351.77 (efaf6935b436..., userDataDir: C:\Users\rakes\AppData\Loca...}, networkConnectionEnabled: false, pageLoadStrategy: normal, platformName: windows, proxy: Proxy(), se:cdp: ws://localhost:9222/devtool..., se:cdpVersion: 138.0.3351.77, setWindowRect: true, strictFileInteractability: false, timeouts: {implicit: 0, pageLoad: 300000, script: 30000}, unhandledPromptBehavior: dismiss and notify, webauthn:extension:credBlob: true, webauthn:extension:largeBlob: true, webauthn:extension:minPinLength: true, webauthn:extension:prf: true, webauthn:virtualAuthenticators: true}
Element: [[EdgeDriver: MicrosoftEdge on windows (cad28f18489949748b5d656ddff486d2)] -> xpath: //p[text()='Log Out']]
Session ID: cad28f18489949748b5d656ddff486d2
at avantage.entertainment.testcases.LoginTestCases.loginWithEmailValidUsers(LoginTestCases.java:65)
at java.base/java.util.ArrayList.forEach(ArrayList.java:1596)
... Removed 30 stack frames]]>
    </failure>
  </testcase> <!-- loginWithEmailValidUsers -->
  <testcase classname="avantage.entertainment.testcases.LoginTestCases" name="loginWithEmailValidInvalidUsers" time="0.0">
    <ignored/>
  </testcase> <!-- loginWithEmailValidInvalidUsers -->
</testsuite> <!-- EdgeTest -->
