<?xml version="1.0" encoding="UTF-8"?>
<!-- Generated by org.testng.reporters.JUnitXMLReporter -->
<testsuite ignored="1" hostname="LAPTOP-9JB0BLCJ" failures="0" tests="2" name="EdgeTest" time="24.567" errors="0" timestamp="2025-07-09T17:02:11 CDT">
  <testcase classname="avantage.entertainment.testcases.HomePageTestCases" name="verifyHeaderElementsInHomePage" time="8.134"/>
  <testcase classname="avantage.entertainment.testcases.LoginTestCases" name="loginWithEmailValidUsers" time="10.297"/>
  <testcase classname="avantage.entertainment.testcases.LoginTestCases" name="loginWithEmailValidInvalidUsers" time="0.0">
    <ignored/>
  </testcase> <!-- loginWithEmailValidInvalidUsers -->
</testsuite> <!-- EdgeTest -->
