<?xml version="1.0" encoding="UTF-8"?>
<!-- Generated by org.testng.reporters.JUnitXMLReporter -->
<testsuite ignored="1" hostname="LAPTOP-9JB0BLCJ" failures="0" tests="1" name="ChromeTest(failed)" time="21.686" errors="0" timestamp="2025-07-02T07:51:54 CDT">
  <testcase classname="avantage.entertainment.testcases.LoginTestCases" name="loginWithEmailValidInvalidUsers" time="14.958"/>
  <testcase classname="avantage.entertainment.testcases.LoginTestCases" name="loginWithEmailValidUsers" time="0.0">
    <ignored/>
  </testcase> <!-- loginWithEmailValidUsers -->
</testsuite> <!-- ChromeTest(failed) -->
