<?xml version="1.0" encoding="UTF-8"?>
<!-- Generated by org.testng.reporters.JUnitXMLReporter -->
<testsuite ignored="1" hostname="LAPTOP-9JB0BLCJ" failures="0" tests="2" name="EdgeTest(failed)" time="36.082" errors="0" timestamp="2025-07-04T08:33:55 CDT">
  <testcase classname="avantage.entertainment.testcases.LoginTestCases" name="loginWithEmailValidInvalidUsers" time="13.051"/>
  <testcase classname="avantage.entertainment.testcases.LoginTestCases" name="loginWithEmailValidInvalidUsers" time="13.233"/>
  <testcase classname="avantage.entertainment.testcases.LoginTestCases" name="loginWithEmailValidUsers" time="0.0">
    <ignored/>
  </testcase> <!-- loginWithEmailValidUsers -->
</testsuite> <!-- EdgeTest(failed) -->
