<?xml version="1.0" encoding="UTF-8"?>
<testsuite xmlns:xsi="http://www.w3.org/2001/XMLSchema-instance" xsi:noNamespaceSchemaLocation="https://maven.apache.org/surefire/maven-surefire-plugin/xsd/surefire-test-report.xsd" version="3.0.2" name="TestSuite" time="71.383" tests="6" errors="0" skipped="0" failures="1">
  <properties>
[...]
</properties>
  <testcase name="verifyHeaderElementsInHomePage" classname="avantage.entertainment.testcases.HomePageTestCases" time="8.741">
    <system-out><![CDATA[local
I am in local
under local
2025-07-04T19:44:14.285924800Z TestNG-test-ChromeTest-2 INFO Starting configuration XmlConfiguration[location=C:\Users\rakes\eclipse-workspace\framework\avantageentertainment1.0\target\test-classes\log4j2.xml, lastModified=2025-06-18T18:05:51.767Z]...
2025-07-04T19:44:14.289659700Z TestNG-test-ChromeTest-2 INFO Start watching for changes to C:\Users\rakes\eclipse-workspace\framework\avantageentertainment1.0\target\test-classes\log4j2.xml every 0 seconds
2025-07-04T19:44:14.290656700Z TestNG-test-ChromeTest-2 INFO Configuration XmlConfiguration[location=C:\Users\rakes\eclipse-workspace\framework\avantageentertainment1.0\target\test-classes\log4j2.xml, lastModified=2025-06-18T18:05:51.767Z] started.
2025-07-04T19:44:14.295556100Z TestNG-test-ChromeTest-2 INFO Stopping configuration org.apache.logging.log4j.core.config.DefaultConfiguration@7647d2b7...
2025-07-04T19:44:14.297575600Z TestNG-test-ChromeTest-2 INFO Configuration org.apache.logging.log4j.core.config.DefaultConfiguration@7647d2b7 stopped.
local
I am in local
under local
Chrome driver set up completed
Chrome driver set up completed
2025-07-04 14:44:23 [TestNG-test-ChromeTest-1] INFO  avantage.entertainment.testcases.HomePageTestCases - ************* Staring Of Test Case: verifyHeaderElementsInHomePage ********************
2025-07-04 14:44:23 [TestNG-test-ChromeTest-2] INFO  avantage.entertainment.testcases.LoginTestCases - ************* Staring Of Test Case: loginWithEmailValidInvalidUsers ********************
Running on thread: TestNG-test-ChromeTest-1
2025-07-04 14:44:27 [TestNG-test-ChromeTest-1] INFO  avantage.entertainment.testcases.HomePageTestCases - Hamburger Menu is displayed in the header menu
2025-07-04 14:44:28 [TestNG-test-ChromeTest-1] INFO  avantage.entertainment.testcases.HomePageTestCases - Language Selection icon is displayed in the header menu
2025-07-04 14:44:28 [TestNG-test-ChromeTest-1] INFO  avantage.entertainment.testcases.HomePageTestCases - help button is displayed in the header menu
2025-07-04 14:44:28 [TestNG-test-ChromeTest-1] INFO  avantage.entertainment.testcases.HomePageTestCases - Avanatge logo Image is displayed in the header menu
2025-07-04 14:44:28 [TestNG-test-ChromeTest-1] INFO  avantage.entertainment.testcases.HomePageTestCases - My Contests button is displayed in the header menu
2025-07-04 14:44:29 [TestNG-test-ChromeTest-2] INFO  avantage.entertainment.testcases.LoginTestCases - Clicked on Login button in the header
2025-07-04 14:44:29 [TestNG-test-ChromeTest-1] INFO  avantage.entertainment.testcases.HomePageTestCases - Login button is displayed in the header menu
2025-07-04 14:44:29 [TestNG-test-ChromeTest-1] INFO  avantage.entertainment.testcases.HomePageTestCases - Join button is displayed in the header menu
2025-07-04 14:44:29 [TestNG-test-ChromeTest-1] INFO  avantage.entertainment.testcases.HomePageTestCases - ************* End Of Test Case: verifyHeaderElementsInHomePage ********************
]]></system-out>
  </testcase>
  <testcase name="verifyHeaderElementsInHomePage" classname="avantage.entertainment.testcases.HomePageTestCases" time="7.551">
    <system-out><![CDATA[local
local
I am in local
under local
I am in local
under local
Edge driver set up completed
Edge driver set up completed
2025-07-04 14:44:58 [TestNG-test-EdgeTest-2] INFO  avantage.entertainment.testcases.LoginTestCases - ************* Staring Of Test Case: loginWithEmailValidInvalidUsers ********************
2025-07-04 14:44:58 [TestNG-test-EdgeTest-1] INFO  avantage.entertainment.testcases.HomePageTestCases - ************* Staring Of Test Case: verifyHeaderElementsInHomePage ********************
Running on thread: TestNG-test-EdgeTest-1
2025-07-04 14:45:02 [TestNG-test-EdgeTest-2] INFO  avantage.entertainment.testcases.LoginTestCases - Clicked on Login button in the header
2025-07-04 14:45:03 [TestNG-test-EdgeTest-1] INFO  avantage.entertainment.testcases.HomePageTestCases - Hamburger Menu is displayed in the header menu
2025-07-04 14:45:03 [TestNG-test-EdgeTest-1] INFO  avantage.entertainment.testcases.HomePageTestCases - Language Selection icon is displayed in the header menu
2025-07-04 14:45:04 [TestNG-test-EdgeTest-1] INFO  avantage.entertainment.testcases.HomePageTestCases - help button is displayed in the header menu
2025-07-04 14:45:04 [TestNG-test-EdgeTest-1] INFO  avantage.entertainment.testcases.HomePageTestCases - Avanatge logo Image is displayed in the header menu
2025-07-04 14:45:04 [TestNG-test-EdgeTest-1] INFO  avantage.entertainment.testcases.HomePageTestCases - My Contests button is displayed in the header menu
2025-07-04 14:45:04 [TestNG-test-EdgeTest-1] INFO  avantage.entertainment.testcases.HomePageTestCases - Login button is displayed in the header menu
2025-07-04 14:45:04 [TestNG-test-EdgeTest-2] INFO  avantage.entertainment.testcases.LoginTestCases - Clicked on Login with eamil image button in the login modal
2025-07-04 14:45:04 [TestNG-test-EdgeTest-1] INFO  avantage.entertainment.testcases.HomePageTestCases - Join button is displayed in the header menu
2025-07-04 14:45:04 [TestNG-test-EdgeTest-1] INFO  avantage.entertainment.testcases.HomePageTestCases - ************* End Of Test Case: verifyHeaderElementsInHomePage ********************
]]></system-out>
    <system-err><![CDATA[Jul 04, 2025 2:44:56 PM org.openqa.selenium.devtools.CdpVersionFinder findNearestMatch
WARNING: Unable to find an exact match for CDP version 138, returning the closest version; found: 137; Please update to a Selenium version that supports CDP version 138
Jul 04, 2025 2:44:57 PM org.openqa.selenium.devtools.CdpVersionFinder findNearestMatch
WARNING: Unable to find an exact match for CDP version 138, returning the closest version; found: 137; Please update to a Selenium version that supports CDP version 138
]]></system-err>
  </testcase>
  <testcase name="loginWithEmailValidInvalidUsers[rakesh001@mailinator.com, Igsdata@135792, valid](1)" classname="avantage.entertainment.testcases.LoginTestCases" time="17.132">
    <system-out><![CDATA[2025-07-04 14:44:30 [TestNG-test-ChromeTest-2] INFO  avantage.entertainment.testcases.LoginTestCases - Clicked on Login with eamil image button in the login modal
2025-07-04 14:44:32 [TestNG-test-ChromeTest-2] INFO  avantage.entertainment.testcases.LoginTestCases - entered email id in the login modal
2025-07-04 14:44:33 [TestNG-test-ChromeTest-2] INFO  avantage.entertainment.testcases.LoginTestCases - entered pasword in the login modal
2025-07-04 14:44:33 [TestNG-test-ChromeTest-2] INFO  avantage.entertainment.testcases.LoginTestCases - Clicked on Log In button in the login modal
2025-07-04 14:44:36 [TestNG-test-ChromeTest-2] INFO  avantage.entertainment.testcases.LoginTestCases - Clicked on Log hamburger menu in the header
2025-07-04 14:44:37 [TestNG-test-ChromeTest-2] INFO  avantage.entertainment.testcases.LoginTestCases - My Account button displayed after successful login
2025-07-04 14:44:37 [TestNG-test-ChromeTest-2] INFO  avantage.entertainment.testcases.LoginTestCases - Click on My Account button in the menu
2025-07-04 14:44:37 [TestNG-test-ChromeTest-2] INFO  avantage.entertainment.testcases.LoginTestCases - Click on logout from Player account modal
2025-07-04 14:44:37 [TestNG-test-ChromeTest-2] INFO  avantage.entertainment.testcases.LoginTestCases - ************* End Of Test Case: loginWithEmailValidInvalidUsers ********************
]]></system-out>
  </testcase>
  <testcase name="loginWithEmailValidInvalidUsers[rakesh001@mailinator.com, Igsdata@135792, valid](1)" classname="avantage.entertainment.testcases.LoginTestCases" time="13.026">
    <failure message="Session ID is null. Using WebDriver after calling quit()?&#10;Build info: version: &apos;4.33.0&apos;, revision: &apos;2c6aaad03a&apos;&#10;System info: os.name: &apos;Windows 11&apos;, os.arch: &apos;amd64&apos;, os.version: &apos;10.0&apos;, java.version: &apos;21.0.7&apos;&#10;Driver info: org.openqa.selenium.edge.EdgeDriver&#10;Command: [null, findElement {using=xpath, value=(//span[contains(text(),&apos;Help&apos;)])[1]//parent::button//preceding-sibling::button}]&#10;Capabilities {acceptInsecureCerts: false, browserName: MicrosoftEdge, browserVersion: 138.0.3351.65, fedcm:accounts: true, ms:edgeOptions: {debuggerAddress: localhost:51838}, msedge: {msedgedriverVersion: 138.0.3351.65 (81e3782c3ab4..., userDataDir: C:\Users\rakes\AppData\Loca...}, networkConnectionEnabled: false, pageLoadStrategy: normal, platformName: windows, proxy: Proxy(), se:cdp: ws://localhost:51838/devtoo..., se:cdpVersion: 138.0.3351.65, setWindowRect: true, strictFileInteractability: false, timeouts: {implicit: 0, pageLoad: 300000, script: 30000}, unhandledPromptBehavior: dismiss and notify, webauthn:extension:credBlob: true, webauthn:extension:largeBlob: true, webauthn:extension:minPinLength: true, webauthn:extension:prf: true, webauthn:virtualAuthenticators: true}" type="java.lang.AssertionError"><![CDATA[java.lang.AssertionError: 
Session ID is null. Using WebDriver after calling quit()?
Build info: version: '4.33.0', revision: '2c6aaad03a'
System info: os.name: 'Windows 11', os.arch: 'amd64', os.version: '10.0', java.version: '21.0.7'
Driver info: org.openqa.selenium.edge.EdgeDriver
Command: [null, findElement {using=xpath, value=(//span[contains(text(),'Help')])[1]//parent::button//preceding-sibling::button}]
Capabilities {acceptInsecureCerts: false, browserName: MicrosoftEdge, browserVersion: 138.0.3351.65, fedcm:accounts: true, ms:edgeOptions: {debuggerAddress: localhost:51838}, msedge: {msedgedriverVersion: 138.0.3351.65 (81e3782c3ab4..., userDataDir: C:\Users\rakes\AppData\Loca...}, networkConnectionEnabled: false, pageLoadStrategy: normal, platformName: windows, proxy: Proxy(), se:cdp: ws://localhost:51838/devtoo..., se:cdpVersion: 138.0.3351.65, setWindowRect: true, strictFileInteractability: false, timeouts: {implicit: 0, pageLoad: 300000, script: 30000}, unhandledPromptBehavior: dismiss and notify, webauthn:extension:credBlob: true, webauthn:extension:largeBlob: true, webauthn:extension:minPinLength: true, webauthn:extension:prf: true, webauthn:virtualAuthenticators: true}
	at org.testng.Assert.fail(Assert.java:111)
	at avantage.entertainment.testcases.LoginTestCases.loginWithEmailValidInvalidUsers(LoginTestCases.java:126)
	at java.base/jdk.internal.reflect.DirectMethodHandleAccessor.invoke(DirectMethodHandleAccessor.java:103)
	at java.base/java.lang.reflect.Method.invoke(Method.java:580)
	at org.testng.internal.invokers.MethodInvocationHelper.invokeMethod(MethodInvocationHelper.java:141)
	at org.testng.internal.invokers.TestInvoker.invokeMethod(TestInvoker.java:687)
	at org.testng.internal.invokers.TestInvoker.invokeTestMethod(TestInvoker.java:230)
	at org.testng.internal.invokers.MethodRunner.runInSequence(MethodRunner.java:63)
	at org.testng.internal.invokers.TestInvoker$MethodInvocationAgent.invoke(TestInvoker.java:995)
	at org.testng.internal.invokers.TestInvoker.invokeTestMethods(TestInvoker.java:203)
	at org.testng.internal.invokers.TestMethodWorker.invokeTestMethods(TestMethodWorker.java:154)
	at org.testng.internal.invokers.TestMethodWorker.run(TestMethodWorker.java:134)
	at java.base/java.util.concurrent.Executors$RunnableAdapter.call(Executors.java:572)
	at java.base/java.util.concurrent.FutureTask.run(FutureTask.java:317)
	at org.testng.internal.thread.graph.TestNGFutureTask.run(TestNGFutureTask.java:22)
	at java.base/java.util.concurrent.ThreadPoolExecutor.runWorker(ThreadPoolExecutor.java:1144)
	at java.base/java.util.concurrent.ThreadPoolExecutor$Worker.run(ThreadPoolExecutor.java:642)
	at java.base/java.lang.Thread.run(Thread.java:1583)
]]></failure>
    <system-out><![CDATA[2025-07-04 14:45:05 [TestNG-test-EdgeTest-2] INFO  avantage.entertainment.testcases.LoginTestCases - entered email id in the login modal
2025-07-04 14:45:06 [TestNG-test-EdgeTest-2] INFO  avantage.entertainment.testcases.LoginTestCases - entered pasword in the login modal
2025-07-04 14:45:06 [TestNG-test-EdgeTest-2] INFO  avantage.entertainment.testcases.LoginTestCases - Clicked on Log In button in the login modal
]]></system-out>
  </testcase>
  <testcase name="loginWithEmailValidInvalidUsers[rakesh002@mailinator.com, Igsdata@135792, invalid](2)" classname="avantage.entertainment.testcases.LoginTestCases" time="10.882">
    <system-out><![CDATA[I am in local
under local
Chrome driver set up completed
2025-07-04 14:44:42 [TestNG-test-ChromeTest-2] INFO  avantage.entertainment.testcases.LoginTestCases - ************* Staring Of Test Case: loginWithEmailValidInvalidUsers ********************
2025-07-04 14:44:46 [TestNG-test-ChromeTest-2] INFO  avantage.entertainment.testcases.LoginTestCases - Clicked on Login button in the header
2025-07-04 14:44:47 [TestNG-test-ChromeTest-2] INFO  avantage.entertainment.testcases.LoginTestCases - Clicked on Login with eamil image button in the login modal
2025-07-04 14:44:48 [TestNG-test-ChromeTest-2] INFO  avantage.entertainment.testcases.LoginTestCases - entered email id in the login modal
2025-07-04 14:44:48 [TestNG-test-ChromeTest-2] INFO  avantage.entertainment.testcases.LoginTestCases - entered pasword in the login modal
2025-07-04 14:44:48 [TestNG-test-ChromeTest-2] INFO  avantage.entertainment.testcases.LoginTestCases - Clicked on Log In button in the login modal
2025-07-04 14:44:52 [TestNG-test-ChromeTest-2] INFO  avantage.entertainment.testcases.LoginTestCases - Error message displayed when logged in with inavlid credential
2025-07-04 14:44:52 [TestNG-test-ChromeTest-2] INFO  avantage.entertainment.testcases.LoginTestCases - ************* End Of Test Case: loginWithEmailValidInvalidUsers ********************
]]></system-out>
  </testcase>
  <testcase name="loginWithEmailValidInvalidUsers[rakesh002@mailinator.com, Igsdata@135792, invalid](2)" classname="avantage.entertainment.testcases.LoginTestCases" time="9.973">
    <system-out><![CDATA[I am in local
under local
Edge driver set up completed
2025-07-04 14:45:12 [TestNG-test-EdgeTest-2] INFO  avantage.entertainment.testcases.LoginTestCases - ************* Staring Of Test Case: loginWithEmailValidInvalidUsers ********************
2025-07-04 14:45:15 [TestNG-test-EdgeTest-2] INFO  avantage.entertainment.testcases.LoginTestCases - Clicked on Login button in the header
2025-07-04 14:45:16 [TestNG-test-EdgeTest-2] INFO  avantage.entertainment.testcases.LoginTestCases - Clicked on Login with eamil image button in the login modal
2025-07-04 14:45:17 [TestNG-test-EdgeTest-2] INFO  avantage.entertainment.testcases.LoginTestCases - entered email id in the login modal
2025-07-04 14:45:18 [TestNG-test-EdgeTest-2] INFO  avantage.entertainment.testcases.LoginTestCases - entered pasword in the login modal
2025-07-04 14:45:18 [TestNG-test-EdgeTest-2] INFO  avantage.entertainment.testcases.LoginTestCases - Clicked on Log In button in the login modal
2025-07-04 14:45:21 [TestNG-test-EdgeTest-2] INFO  avantage.entertainment.testcases.LoginTestCases - Error message displayed when logged in with inavlid credential
2025-07-04 14:45:21 [TestNG-test-EdgeTest-2] INFO  avantage.entertainment.testcases.LoginTestCases - ************* End Of Test Case: loginWithEmailValidInvalidUsers ********************
]]></system-out>
    <system-err><![CDATA[Jul 04, 2025 2:45:11 PM org.openqa.selenium.devtools.CdpVersionFinder findNearestMatch
WARNING: Unable to find an exact match for CDP version 138, returning the closest version; found: 137; Please update to a Selenium version that supports CDP version 138
]]></system-err>
  </testcase>
</testsuite>