<?xml version="1.0" encoding="UTF-8"?>
<testsuite xmlns:xsi="http://www.w3.org/2001/XMLSchema-instance" xsi:noNamespaceSchemaLocation="https://maven.apache.org/surefire/maven-surefire-plugin/xsd/surefire-test-report.xsd" version="3.0.2" name="TestSuite" time="23.392" tests="2" errors="0" skipped="0" failures="1">
  <properties>
[...]
</properties>
  <testcase name="verifyHeaderElementsInHomePage" classname="avantage.entertainment.testcases.HomePageTestCases" time="6.674">
    <system-out><![CDATA[2025-07-10T03:41:20.054253800Z main INFO Starting configuration XmlConfiguration[location=C:\Users\rakes\eclipse-workspace\framework\avantageentertainment1.0\target\test-classes\log4j2.xml, lastModified=2025-06-18T18:05:51.767Z]...
2025-07-10T03:41:20.056420100Z main INFO Start watching for changes to C:\Users\rakes\eclipse-workspace\framework\avantageentertainment1.0\target\test-classes\log4j2.xml every 0 seconds
2025-07-10T03:41:20.056420100Z main INFO Configuration XmlConfiguration[location=C:\Users\rakes\eclipse-workspace\framework\avantageentertainment1.0\target\test-classes\log4j2.xml, lastModified=2025-06-18T18:05:51.767Z] started.
2025-07-10T03:41:20.060450200Z main INFO Stopping configuration org.apache.logging.log4j.core.config.DefaultConfiguration@294e5088...
2025-07-10T03:41:20.062885900Z main INFO Configuration org.apache.logging.log4j.core.config.DefaultConfiguration@294e5088 stopped.
local
I am in local
under local
Edge driver set up completed
2025-07-09 22:41:25 [main] INFO  avantage.entertainment.testcases.HomePageTestCases - ************* Staring Of Test Case: verifyHeaderElementsInHomePage ********************
Running on thread: main
2025-07-09 22:41:26 [main] INFO  avantage.entertainment.testcases.HomePageTestCases - Hamburger Menu is displayed in the header menu
2025-07-09 22:41:26 [main] INFO  avantage.entertainment.testcases.HomePageTestCases - Language Selection icon is displayed in the header menu
2025-07-09 22:41:26 [main] INFO  avantage.entertainment.testcases.HomePageTestCases - help button is displayed in the header menu
2025-07-09 22:41:27 [main] INFO  avantage.entertainment.testcases.HomePageTestCases - Avanatge logo Image is displayed in the header menu
2025-07-09 22:41:29 [main] INFO  avantage.entertainment.testcases.HomePageTestCases - My Contests button is displayed in the header menu
2025-07-09 22:41:29 [main] INFO  avantage.entertainment.testcases.HomePageTestCases - Login button is displayed in the header menu
2025-07-09 22:41:29 [main] INFO  avantage.entertainment.testcases.HomePageTestCases - Join button is displayed in the header menu
2025-07-09 22:41:29 [main] INFO  avantage.entertainment.testcases.HomePageTestCases - ************* End Of Test Case: verifyHeaderElementsInHomePage ********************
]]></system-out>
  </testcase>
  <testcase name="loginWithEmailValidUsers" classname="avantage.entertainment.testcases.LoginTestCases" time="10.966">
    <failure message="element click intercepted: Element &lt;p class=&quot;account-jss558 account-jss604 account-jss560&quot;&gt;...&lt;/p&gt; is not clickable at point (555, 397). Other element would receive the click: &lt;div class=&quot;account-jss1 account-jss608&quot;&gt;...&lt;/div&gt;&#10;  (Session info: MicrosoftEdge=138.0.3351.77)&#10;Build info: version: &apos;4.34.0&apos;, revision: &apos;707dcb4246*&apos;&#10;System info: os.name: &apos;Windows 11&apos;, os.arch: &apos;amd64&apos;, os.version: &apos;10.0&apos;, java.version: &apos;21.0.7&apos;&#10;Driver info: org.openqa.selenium.edge.EdgeDriver&#10;Command: [cad28f18489949748b5d656ddff486d2, clickElement {id=f.74C2D9C3A07BFEDD593107C6FE57B95D.d.E5870EB29A75E968436D542DB526146F.e.80}]&#10;Capabilities {acceptInsecureCerts: false, browserName: MicrosoftEdge, browserVersion: 138.0.3351.77, fedcm:accounts: true, ms:edgeOptions: {debuggerAddress: localhost:9222}, msedge: {msedgedriverVersion: 138.0.3351.77 (efaf6935b436..., userDataDir: C:\Users\rakes\AppData\Loca...}, networkConnectionEnabled: false, pageLoadStrategy: normal, platformName: windows, proxy: Proxy(), se:cdp: ws://localhost:9222/devtool..., se:cdpVersion: 138.0.3351.77, setWindowRect: true, strictFileInteractability: false, timeouts: {implicit: 0, pageLoad: 300000, script: 30000}, unhandledPromptBehavior: dismiss and notify, webauthn:extension:credBlob: true, webauthn:extension:largeBlob: true, webauthn:extension:minPinLength: true, webauthn:extension:prf: true, webauthn:virtualAuthenticators: true}&#10;Element: [[EdgeDriver: MicrosoftEdge on windows (cad28f18489949748b5d656ddff486d2)] -&gt; xpath: //p[text()=&apos;Log Out&apos;]]&#10;Session ID: cad28f18489949748b5d656ddff486d2" type="java.lang.AssertionError"><![CDATA[java.lang.AssertionError: 
element click intercepted: Element <p class="account-jss558 account-jss604 account-jss560">...</p> is not clickable at point (555, 397). Other element would receive the click: <div class="account-jss1 account-jss608">...</div>
  (Session info: MicrosoftEdge=138.0.3351.77)
Build info: version: '4.34.0', revision: '707dcb4246*'
System info: os.name: 'Windows 11', os.arch: 'amd64', os.version: '10.0', java.version: '21.0.7'
Driver info: org.openqa.selenium.edge.EdgeDriver
Command: [cad28f18489949748b5d656ddff486d2, clickElement {id=f.74C2D9C3A07BFEDD593107C6FE57B95D.d.E5870EB29A75E968436D542DB526146F.e.80}]
Capabilities {acceptInsecureCerts: false, browserName: MicrosoftEdge, browserVersion: 138.0.3351.77, fedcm:accounts: true, ms:edgeOptions: {debuggerAddress: localhost:9222}, msedge: {msedgedriverVersion: 138.0.3351.77 (efaf6935b436..., userDataDir: C:\Users\rakes\AppData\Loca...}, networkConnectionEnabled: false, pageLoadStrategy: normal, platformName: windows, proxy: Proxy(), se:cdp: ws://localhost:9222/devtool..., se:cdpVersion: 138.0.3351.77, setWindowRect: true, strictFileInteractability: false, timeouts: {implicit: 0, pageLoad: 300000, script: 30000}, unhandledPromptBehavior: dismiss and notify, webauthn:extension:credBlob: true, webauthn:extension:largeBlob: true, webauthn:extension:minPinLength: true, webauthn:extension:prf: true, webauthn:virtualAuthenticators: true}
Element: [[EdgeDriver: MicrosoftEdge on windows (cad28f18489949748b5d656ddff486d2)] -> xpath: //p[text()='Log Out']]
Session ID: cad28f18489949748b5d656ddff486d2
	at org.testng.Assert.fail(Assert.java:111)
	at avantage.entertainment.testcases.LoginTestCases.loginWithEmailValidUsers(LoginTestCases.java:65)
	at java.base/jdk.internal.reflect.DirectMethodHandleAccessor.invoke(DirectMethodHandleAccessor.java:103)
	at java.base/java.lang.reflect.Method.invoke(Method.java:580)
	at org.testng.internal.invokers.MethodInvocationHelper.invokeMethod(MethodInvocationHelper.java:141)
	at org.testng.internal.invokers.TestInvoker.invokeMethod(TestInvoker.java:687)
	at org.testng.internal.invokers.TestInvoker.invokeTestMethod(TestInvoker.java:230)
	at org.testng.internal.invokers.MethodRunner.runInSequence(MethodRunner.java:63)
	at org.testng.internal.invokers.TestInvoker$MethodInvocationAgent.invoke(TestInvoker.java:995)
	at org.testng.internal.invokers.TestInvoker.invokeTestMethods(TestInvoker.java:203)
	at org.testng.internal.invokers.TestMethodWorker.invokeTestMethods(TestMethodWorker.java:154)
	at org.testng.internal.invokers.TestMethodWorker.run(TestMethodWorker.java:134)
	at java.base/java.util.ArrayList.forEach(ArrayList.java:1596)
	at org.testng.TestRunner.privateRun(TestRunner.java:741)
	at org.testng.TestRunner.run(TestRunner.java:616)
	at org.testng.SuiteRunner.runTest(SuiteRunner.java:421)
	at org.testng.SuiteRunner.runSequentially(SuiteRunner.java:413)
	at org.testng.SuiteRunner.privateRun(SuiteRunner.java:373)
	at org.testng.SuiteRunner.run(SuiteRunner.java:312)
	at org.testng.SuiteRunnerWorker.runSuite(SuiteRunnerWorker.java:52)
	at org.testng.SuiteRunnerWorker.run(SuiteRunnerWorker.java:95)
	at org.testng.TestNG.runSuitesSequentially(TestNG.java:1274)
	at org.testng.TestNG.runSuitesLocally(TestNG.java:1208)
	at org.testng.TestNG.runSuites(TestNG.java:1112)
	at org.testng.TestNG.run(TestNG.java:1079)
	at org.apache.maven.surefire.testng.TestNGExecutor.run(TestNGExecutor.java:308)
	at org.apache.maven.surefire.testng.TestNGXmlTestSuite.execute(TestNGXmlTestSuite.java:71)
	at org.apache.maven.surefire.testng.TestNGProvider.invoke(TestNGProvider.java:113)
	at org.apache.maven.surefire.booter.ForkedBooter.runSuitesInProcess(ForkedBooter.java:385)
	at org.apache.maven.surefire.booter.ForkedBooter.execute(ForkedBooter.java:162)
	at org.apache.maven.surefire.booter.ForkedBooter.run(ForkedBooter.java:507)
	at org.apache.maven.surefire.booter.ForkedBooter.main(ForkedBooter.java:495)
]]></failure>
    <system-out><![CDATA[local
I am in local
under local
Edge driver set up completed
Running on thread: main
2025-07-09 22:41:32 [main] INFO  avantage.entertainment.testcases.LoginTestCases - ************* Staring Of Test Case: loginWithEmailValidUsers ********************
Running on thread: main
2025-07-09 22:41:33 [main] INFO  avantage.entertainment.testcases.LoginTestCases - Clicked on Login button in the header
2025-07-09 22:41:34 [main] INFO  avantage.entertainment.testcases.LoginTestCases - Clicked on Login with email image button in the login modal
2025-07-09 22:41:35 [main] INFO  avantage.entertainment.testcases.LoginTestCases - entered email id in the login modal
2025-07-09 22:41:35 [main] INFO  avantage.entertainment.testcases.LoginTestCases - entered pasword in the login modal
2025-07-09 22:41:35 [main] INFO  avantage.entertainment.testcases.LoginTestCases - Clicked on Log In button in the login modal
2025-07-09 22:41:39 [main] INFO  avantage.entertainment.testcases.LoginTestCases - Clicked on Log hamburger menu in the header
2025-07-09 22:41:39 [main] INFO  avantage.entertainment.testcases.LoginTestCases - My Account button displayed after successful login
2025-07-09 22:41:39 [main] INFO  avantage.entertainment.testcases.LoginTestCases - Click on My Account button in the menu
]]></system-out>
  </testcase>
</testsuite>